<?xml version="1.0" encoding="UTF-8"?>
<!-- Generated by org.testng.reporters.JUnitXMLReporter -->
<testsuite ignored="0" hostname="AjithKumar" failures="1" tests="3" name="Error Validation Test" time="27.902" errors="0" timestamp="2024-12-01T16:38:33 IST">
  <testcase classname="PracticeAutomation.Tests.ErrorValidationsTest" name="OrderPageTest" time="4.008"/>
  <testcase classname="PracticeAutomation.Tests.ErrorValidationsTest" name="errorValidationTest" time="0.374">
    <skipped/>
  </testcase> <!-- errorValidationTest -->
  <testcase classname="PracticeAutomation.Tests.ErrorValidationsTest" name="errorValidationTest" time="0.595">
    <failure type="java.lang.AssertionError" message="expected [Incorrect email or password.] but found [Incorrect email  password.]">
      <![CDATA[java.lang.AssertionError: expected [Incorrect email or password.] but found [Incorrect email  password.]
at PracticeAutomation.Tests.ErrorValidationsTest.errorValidationTest(ErrorValidationsTest.java:24)
at java.base/java.util.ArrayList.forEach(ArrayList.java:1596)
at java.base/java.util.concurrent.FutureTask.run(FutureTask.java:317)
at java.base/java.util.concurrent.ThreadPoolExecutor.runWorker(ThreadPoolExecutor.java:1144)
at java.base/java.util.concurrent.ThreadPoolExecutor$Worker.run(ThreadPoolExecutor.java:642)
at java.base/java.lang.Thread.run(Thread.java:1583)
... Removed 22 stack frames]]>
    </failure>
  </testcase> <!-- errorValidationTest -->
</testsuite> <!-- Error Validation Test -->
