<?xml version="1.0" encoding="UTF-8"?>
<!-- Generated by org.testng.reporters.JUnitXMLReporter -->
<testsuite ignored="0" hostname="AjithKumar" failures="0" tests="3" name="Submit Order Test" time="31.287" errors="0" timestamp="2024-12-01T16:38:36 IST">
  <testcase classname="PracticeAutomation.Tests.SubmitOrderTest" name="submitOrderTest" time="4.914"/>
  <testcase classname="PracticeAutomation.Tests.SubmitOrderTest" name="submitOrderTest" time="6.898"/>
  <testcase classname="PracticeAutomation.Tests.SubmitOrderTest" name="OrderHistoryCheckTest" time="0.842"/>
</testsuite> <!-- Submit Order Test -->
