<?xml version="1.0" encoding="UTF-8"?>
<!-- Generated by org.testng.reporters.JUnitXMLReporter -->
<testsuite ignored="0" hostname="AjithKumar" failures="0" tests="2" name="Error Validation Test" time="10.107" errors="0" timestamp="2024-12-02T11:32:24 IST">
  <testcase classname="PracticeAutomation.Tests.ErrorValidationsTest" name="OrderPageTest" time="3.69"/>
  <testcase classname="PracticeAutomation.Tests.ErrorValidationsTest" name="errorValidationTest" time="0.837"/>
</testsuite> <!-- Error Validation Test -->
