<?xml version="1.0" encoding="UTF-8"?>
<!-- Generated by org.testng.reporters.JUnitXMLReporter -->
<testsuite ignored="0" hostname="AjithKumar" failures="0" tests="3" name="Submit Order Test" time="16.331" errors="0" timestamp="2024-12-02T11:32:30 IST">
  <testcase classname="PracticeAutomation.Tests.SubmitOrderTest" name="submitOrderTest" time="4.535"/>
  <testcase classname="PracticeAutomation.Tests.SubmitOrderTest" name="submitOrderTest" time="4.41"/>
  <testcase classname="PracticeAutomation.Tests.SubmitOrderTest" name="OrderHistoryCheckTest" time="0.454"/>
</testsuite> <!-- Submit Order Test -->
