<?xml version="1.0" encoding="UTF-8"?>
<testng-results ignored="0" total="3" passed="3" failed="0" skipped="0">
  <reporter-output>
  </reporter-output>
  <suite started-at="2024-12-02T18:44:35 IST" name="Default suite" finished-at="2024-12-02T18:44:50 IST" duration-ms="14673">
    <groups>
      <group name="cucumber">
        <method signature="AbstractTestNGCucumberTests.runScenario(io.cucumber.testng.PickleWrapper,io.cucumber.testng.FeatureWrapper)[pri:0, instance:cucumber.TestNGTestRunner@3c19aaa5]" name="runScenario" class="io.cucumber.testng.AbstractTestNGCucumberTests"/>
      </group> <!-- cucumber -->
    </groups>
    <test started-at="2024-12-02T18:44:35 IST" name="Default test" finished-at="2024-12-02T18:44:50 IST" duration-ms="14673">
      <class name="cucumber.TestNGTestRunner">
        <test-method is-config="true" signature="setUpClass(org.testng.ITestContext)[pri:0, instance:cucumber.TestNGTestRunner@3c19aaa5]" started-at="2024-12-02T18:44:36 IST" name="setUpClass" finished-at="2024-12-02T18:44:36 IST" duration-ms="336" status="PASS">
          <params>
            <param index="0">
              <value>
                <![CDATA[org.testng.TestRunner@4fc5563d]]>
              </value>
            </param>
          </params>
          <reporter-output>
          </reporter-output>
        </test-method> <!-- setUpClass -->
        <test-method signature="runScenario(io.cucumber.testng.PickleWrapper,io.cucumber.testng.FeatureWrapper)[pri:0, instance:cucumber.TestNGTestRunner@3c19aaa5]" started-at="2024-12-02T18:44:36 IST" name="runScenario" description="Runs Cucumber Scenarios" data-provider="scenarios" finished-at="2024-12-02T18:44:38 IST" duration-ms="2127" status="PASS">
          <params>
            <param index="0">
              <value>
                <![CDATA["Title of your scenario outline"]]>
              </value>
            </param>
            <param index="1">
              <value>
                <![CDATA["Error validation"]]>
              </value>
            </param>
          </params>
          <reporter-output>
          </reporter-output>
        </test-method> <!-- runScenario -->
        <test-method signature="runScenario(io.cucumber.testng.PickleWrapper,io.cucumber.testng.FeatureWrapper)[pri:0, instance:cucumber.TestNGTestRunner@3c19aaa5]" started-at="2024-12-02T18:44:38 IST" name="runScenario" description="Runs Cucumber Scenarios" data-provider="scenarios" finished-at="2024-12-02T18:44:45 IST" duration-ms="6531" status="PASS">
          <params>
            <param index="0">
              <value>
                <![CDATA["Positive Test of Purchasing the order"]]>
              </value>
            </param>
            <param index="1">
              <value>
                <![CDATA["Purchase the Order From E-Commerce website"]]>
              </value>
            </param>
          </params>
          <reporter-output>
          </reporter-output>
        </test-method> <!-- runScenario -->
        <test-method signature="runScenario(io.cucumber.testng.PickleWrapper,io.cucumber.testng.FeatureWrapper)[pri:0, instance:cucumber.TestNGTestRunner@3c19aaa5]" started-at="2024-12-02T18:44:45 IST" name="runScenario" description="Runs Cucumber Scenarios" data-provider="scenarios" finished-at="2024-12-02T18:44:50 IST" duration-ms="5645" status="PASS">
          <params>
            <param index="0">
              <value>
                <![CDATA["Positive Test of Purchasing the order"]]>
              </value>
            </param>
            <param index="1">
              <value>
                <![CDATA["Purchase the Order From E-Commerce website"]]>
              </value>
            </param>
          </params>
          <reporter-output>
          </reporter-output>
        </test-method> <!-- runScenario -->
        <test-method is-config="true" signature="tearDownClass()[pri:0, instance:cucumber.TestNGTestRunner@3c19aaa5]" started-at="2024-12-02T18:44:50 IST" name="tearDownClass" finished-at="2024-12-02T18:44:50 IST" duration-ms="11" status="PASS">
          <reporter-output>
          </reporter-output>
        </test-method> <!-- tearDownClass -->
      </class> <!-- cucumber.TestNGTestRunner -->
    </test> <!-- Default test -->
  </suite> <!-- Default suite -->
</testng-results>
