<?xml version="1.0" encoding="UTF-8"?>
<!-- Generated by org.testng.reporters.JUnitReportReporter -->
<testsuite hostname="AjithKumar" failures="0" tests="3" name="cucumber.TestNGTestRunner" time="14.303" errors="0" timestamp="2024-12-02T18:44:50 IST" skipped="0">
  <testcase classname="cucumber.TestNGTestRunner" name="runScenario" time="6.531"/>
  <system-out/>
  <testcase classname="cucumber.TestNGTestRunner" name="runScenario" time="5.645"/>
  <system-out/>
  <testcase classname="cucumber.TestNGTestRunner" name="runScenario" time="2.127"/>
  <system-out/>
</testsuite> <!-- cucumber.TestNGTestRunner -->
