<?xml version="1.0" encoding="UTF-8"?>
<!-- Generated by org.testng.reporters.JUnitReportReporter -->
<testsuite hostname="AjithKumar" failures="0" tests="3" name="PracticeAutomation.Tests.SubmitOrderTest" time="31.057" errors="0" timestamp="2024-12-01T16:38:36 IST" skipped="0">
  <testcase classname="PracticeAutomation.Tests.SubmitOrderTest" name="submitOrderTest" time="11.693"/>
  <system-out/>
  <testcase classname="PracticeAutomation.Tests.SubmitOrderTest" name="OrderHistoryCheckTest" time="8.072"/>
  <system-out/>
  <testcase classname="PracticeAutomation.Tests.SubmitOrderTest" name="submitOrderTest" time="11.292"/>
  <system-out/>
</testsuite> <!-- PracticeAutomation.Tests.SubmitOrderTest -->
