<?xml version="1.0" encoding="UTF-8"?>
<!-- Generated by org.testng.reporters.JUnitReportReporter -->
<testsuite hostname="AjithKumar" failures="0" tests="2" name="PracticeAutomation.Tests.ErrorValidationsTest" time="10.076" errors="0" timestamp="2024-12-02T11:32:30 IST" skipped="0">
  <testcase classname="PracticeAutomation.Tests.ErrorValidationsTest" name="errorValidationTest" time="3.947"/>
  <testcase classname="PracticeAutomation.Tests.ErrorValidationsTest" name="OrderPageTest" time="6.129"/>
</testsuite> <!-- PracticeAutomation.Tests.ErrorValidationsTest -->
