<?xml version="1.0" encoding="UTF-8"?>
<!-- Generated by org.testng.reporters.JUnitReportReporter -->
<testsuite hostname="AjithKumar" failures="0" tests="3" name="cucumber.TestNGTestRunner" time="25.496" errors="0" timestamp="2024-12-02T20:22:51 IST" skipped="0">
  <testcase classname="cucumber.TestNGTestRunner" name="runScenario" time="7.327"/>
  <testcase classname="cucumber.TestNGTestRunner" name="runScenario" time="8.606"/>
  <testcase classname="cucumber.TestNGTestRunner" name="runScenario" time="9.563"/>
</testsuite> <!-- cucumber.TestNGTestRunner -->
