<?xml version="1.0" encoding="UTF-8"?>
<!-- Generated by org.testng.reporters.JUnitReportReporter -->
<testsuite hostname="AjithKumar" failures="0" tests="3" name="PracticeAutomation.Tests.SubmitOrderTest" time="16.157" errors="0" timestamp="2024-12-02T11:32:30 IST" skipped="0">
  <testcase classname="PracticeAutomation.Tests.SubmitOrderTest" name="submitOrderTest" time="6.516"/>
  <testcase classname="PracticeAutomation.Tests.SubmitOrderTest" name="submitOrderTest" time="6.553"/>
  <testcase classname="PracticeAutomation.Tests.SubmitOrderTest" name="OrderHistoryCheckTest" time="3.088"/>
</testsuite> <!-- PracticeAutomation.Tests.SubmitOrderTest -->
